::1 - - [16/Jan/2018:01:32:47 +0000] "GET / HTTP/1.1" 200 574
::1 - - [16/Jan/2018:01:32:47 +0000] "GET /index.css HTTP/1.1" 200 856
::1 - - [16/Jan/2018:01:32:48 +0000] "GET /bundle.js HTTP/1.1" 200 5352979
::1 - - [16/Jan/2018:01:32:49 +0000] "GET /favicon.ico HTTP/1.1" 404 1392
::1 - - [16/Jan/2018:01:32:49 +0000] "GET /margins/list HTTP/1.1" 200 20042
::1 - - [16/Jan/2018:01:33:10 +0000] "GET / HTTP/1.1" 200 574
::1 - - [16/Jan/2018:01:33:10 +0000] "GET /index.css HTTP/1.1" 200 856
::1 - - [16/Jan/2018:01:33:10 +0000] "GET /bundle.js HTTP/1.1" 200 5352979
::1 - - [16/Jan/2018:01:33:10 +0000] "GET /margins/list HTTP/1.1" 200 20042
::1 - - [16/Jan/2018:01:34:09 +0000] "GET / HTTP/1.1" 200 574
::1 - - [16/Jan/2018:01:34:09 +0000] "GET /index.css HTTP/1.1" 200 856
::1 - - [16/Jan/2018:01:34:09 +0000] "GET /bundle.js HTTP/1.1" 200 5353004
::1 - - [16/Jan/2018:01:34:10 +0000] "GET /margins/list HTTP/1.1" 200 20042
::1 - - [16/Jan/2018:01:35:05 +0000] "GET /margins/list HTTP/1.1" 200 20042
::1 - - [16/Jan/2018:01:35:40 +0000] "GET / HTTP/1.1" 200 574
::1 - - [16/Jan/2018:01:35:40 +0000] "GET /index.css HTTP/1.1" 200 856
::1 - - [16/Jan/2018:01:35:41 +0000] "GET /bundle.js HTTP/1.1" 200 5353003
::1 - - [16/Jan/2018:01:35:45 +0000] "GET /margins/list HTTP/1.1" 200 20042
::1 - - [16/Jan/2018:01:36:31 +0000] "GET / HTTP/1.1" 200 574
::1 - - [16/Jan/2018:01:36:31 +0000] "GET /index.css HTTP/1.1" 200 856
::1 - - [16/Jan/2018:01:36:32 +0000] "GET /bundle.js HTTP/1.1" 200 5353020
::1 - - [16/Jan/2018:01:36:34 +0000] "GET /margins/list HTTP/1.1" 200 20042
::1 - - [16/Jan/2018:01:37:44 +0000] "GET /margins/list HTTP/1.1" 200 20042
::1 - - [16/Jan/2018:01:40:01 +0000] "GET /images/marker.png HTTP/1.1" 200 1593
::1 - - [16/Jan/2018:01:42:16 +0000] "GET / HTTP/1.1" 200 574
::1 - - [16/Jan/2018:01:42:16 +0000] "GET /index.css HTTP/1.1" 200 856
::1 - - [16/Jan/2018:01:42:16 +0000] "GET /bundle.js HTTP/1.1" 200 5353020
::1 - - [16/Jan/2018:01:42:45 +0000] "GET /margins/list HTTP/1.1" 200 20042
::1 - - [16/Jan/2018:01:43:17 +0000] "GET /margins/list HTTP/1.1" 200 20042
::1 - - [16/Jan/2018:01:44:54 +0000] "GET / HTTP/1.1" 200 574
::1 - - [16/Jan/2018:01:44:54 +0000] "GET /index.css HTTP/1.1" 200 856
::1 - - [16/Jan/2018:01:44:54 +0000] "GET /bundle.js HTTP/1.1" 200 5353020
::1 - - [16/Jan/2018:01:44:57 +0000] "GET /margins/list HTTP/1.1" 200 20042
::1 - - [16/Jan/2018:01:45:57 +0000] "GET / HTTP/1.1" 304 -
::1 - - [16/Jan/2018:01:45:57 +0000] "GET /index.css HTTP/1.1" 200 856
::1 - - [16/Jan/2018:01:45:58 +0000] "GET /bundle.js HTTP/1.1" 200 5353020
::1 - - [16/Jan/2018:01:45:58 +0000] "GET /margins/list HTTP/1.1" 200 20042
::1 - - [16/Jan/2018:01:46:27 +0000] "GET / HTTP/1.1" 200 574
::1 - - [16/Jan/2018:01:46:27 +0000] "GET /index.css HTTP/1.1" 200 856
::1 - - [16/Jan/2018:01:46:27 +0000] "GET /bundle.js HTTP/1.1" 200 5353020
::1 - - [16/Jan/2018:01:46:35 +0000] "GET /margins/list HTTP/1.1" 200 20042
::1 - - [16/Jan/2018:01:48:50 +0000] "GET / HTTP/1.1" 200 574
::1 - - [16/Jan/2018:01:48:50 +0000] "GET /index.css HTTP/1.1" 200 856
::1 - - [16/Jan/2018:01:48:51 +0000] "GET /bundle.js HTTP/1.1" 200 5353020
::1 - - [16/Jan/2018:01:48:54 +0000] "GET /margins/list HTTP/1.1" 200 20042
::1 - - [16/Jan/2018:01:49:01 +0000] "GET / HTTP/1.1" 200 574
::1 - - [16/Jan/2018:01:49:01 +0000] "GET /index.css HTTP/1.1" 200 856
::1 - - [16/Jan/2018:01:49:01 +0000] "GET /bundle.js HTTP/1.1" 200 5353018
::1 - - [16/Jan/2018:01:49:07 +0000] "GET /margins/list HTTP/1.1" 200 20042
::1 - - [16/Jan/2018:01:49:39 +0000] "GET / HTTP/1.1" 200 574
::1 - - [16/Jan/2018:01:49:39 +0000] "GET /index.css HTTP/1.1" 200 856
::1 - - [16/Jan/2018:01:49:39 +0000] "GET /bundle.js HTTP/1.1" 200 5353018
::1 - - [16/Jan/2018:01:49:55 +0000] "GET / HTTP/1.1" 200 574
::1 - - [16/Jan/2018:01:49:55 +0000] "GET /index.css HTTP/1.1" 200 856
::1 - - [16/Jan/2018:01:49:56 +0000] "GET /bundle.js HTTP/1.1" 200 5353074
::1 - - [16/Jan/2018:01:50:00 +0000] "GET /margins/list HTTP/1.1" 200 20042
::1 - - [16/Jan/2018:01:50:17 +0000] "GET /margins/list HTTP/1.1" 200 20042
::1 - - [16/Jan/2018:01:52:33 +0000] "GET / HTTP/1.1" 200 574
::1 - - [16/Jan/2018:01:52:33 +0000] "GET /index.css HTTP/1.1" 200 856
::1 - - [16/Jan/2018:01:52:33 +0000] "GET /bundle.js HTTP/1.1" 200 5354055
::1 - - [16/Jan/2018:01:52:39 +0000] "GET /margins/list HTTP/1.1" 200 20042
::1 - - [16/Jan/2018:01:53:15 +0000] "GET / HTTP/1.1" 200 574
::1 - - [16/Jan/2018:01:53:15 +0000] "GET /index.css HTTP/1.1" 200 856
::1 - - [16/Jan/2018:01:53:16 +0000] "GET /bundle.js HTTP/1.1" 200 5354055
::1 - - [16/Jan/2018:01:53:31 +0000] "GET / HTTP/1.1" 200 574
::1 - - [16/Jan/2018:01:53:31 +0000] "GET /index.css HTTP/1.1" 200 856
::1 - - [16/Jan/2018:01:53:31 +0000] "GET /bundle.js HTTP/1.1" 200 5354104
::1 - - [16/Jan/2018:01:53:39 +0000] "GET /margins/list HTTP/1.1" 200 20042
::1 - - [16/Jan/2018:01:53:44 +0000] "GET / HTTP/1.1" 200 574
::1 - - [16/Jan/2018:01:53:44 +0000] "GET /index.css HTTP/1.1" 200 856
::1 - - [16/Jan/2018:01:53:44 +0000] "GET /bundle.js HTTP/1.1" 200 5354104
::1 - - [16/Jan/2018:01:53:56 +0000] "GET / HTTP/1.1" 200 574
::1 - - [16/Jan/2018:01:53:57 +0000] "GET /index.css HTTP/1.1" 200 856
::1 - - [16/Jan/2018:01:53:57 +0000] "GET /bundle.js HTTP/1.1" 200 5354104
::1 - - [16/Jan/2018:01:55:09 +0000] "GET / HTTP/1.1" 200 574
::1 - - [16/Jan/2018:01:55:09 +0000] "GET /index.css HTTP/1.1" 200 856
::1 - - [16/Jan/2018:01:55:09 +0000] "GET /bundle.js HTTP/1.1" 200 5354104
::1 - - [16/Jan/2018:01:55:17 +0000] "GET / HTTP/1.1" 200 574
::1 - - [16/Jan/2018:01:55:17 +0000] "GET /index.css HTTP/1.1" 200 856
::1 - - [16/Jan/2018:01:55:17 +0000] "GET /bundle.js HTTP/1.1" 200 5354104
::1 - - [16/Jan/2018:01:55:21 +0000] "GET / HTTP/1.1" 200 574
::1 - - [16/Jan/2018:01:55:21 +0000] "GET /index.css HTTP/1.1" 200 856
::1 - - [16/Jan/2018:01:55:21 +0000] "GET /bundle.js HTTP/1.1" 200 5354104
::1 - - [16/Jan/2018:01:56:16 +0000] "GET / HTTP/1.1" 200 574
::1 - - [16/Jan/2018:01:56:16 +0000] "GET /index.css HTTP/1.1" 200 856
::1 - - [16/Jan/2018:01:56:16 +0000] "GET /bundle.js HTTP/1.1" 200 5354104
::1 - - [16/Jan/2018:01:56:19 +0000] "GET / HTTP/1.1" 200 574
::1 - - [16/Jan/2018:01:56:19 +0000] "GET /index.css HTTP/1.1" 200 856
::1 - - [16/Jan/2018:01:56:20 +0000] "GET /bundle.js HTTP/1.1" 200 5354104
::1 - - [16/Jan/2018:01:56:27 +0000] "GET / HTTP/1.1" 200 574
::1 - - [16/Jan/2018:01:56:28 +0000] "GET /index.css HTTP/1.1" 200 856
::1 - - [16/Jan/2018:01:56:28 +0000] "GET /bundle.js HTTP/1.1" 200 5354309
::ffff:127.0.0.1 - - [16/Jan/2018:01:56:28 +0000] "GET /images/marker.png HTTP/1.1" 200 1593
::1 - - [16/Jan/2018:01:57:05 +0000] "GET / HTTP/1.1" 200 574
::1 - - [16/Jan/2018:01:57:05 +0000] "GET /index.css HTTP/1.1" 200 856
::1 - - [16/Jan/2018:01:57:05 +0000] "GET /bundle.js HTTP/1.1" 200 5354260
::1 - - [16/Jan/2018:01:57:18 +0000] "GET /images/marker.png HTTP/1.1" 200 1593
::1 - - [16/Jan/2018:01:59:01 +0000] "GET /margins/list HTTP/1.1" 200 20042
::1 - - [16/Jan/2018:04:02:47 +0000] "GET / HTTP/1.1" 200 574
::1 - - [16/Jan/2018:04:02:48 +0000] "GET /index.css HTTP/1.1" 200 856
::1 - - [16/Jan/2018:04:02:48 +0000] "GET /bundle.js HTTP/1.1" 200 5777823
::1 - - [16/Jan/2018:04:03:55 +0000] "GET / HTTP/1.1" 200 574
::1 - - [16/Jan/2018:04:03:55 +0000] "GET /index.css HTTP/1.1" 200 856
::1 - - [16/Jan/2018:04:03:56 +0000] "GET /bundle.js HTTP/1.1" 200 5778067
::1 - - [16/Jan/2018:04:03:56 +0000] "GET /margins/list HTTP/1.1" 200 20042
::1 - - [16/Jan/2018:04:04:22 +0000] "GET / HTTP/1.1" 304 -
::1 - - [16/Jan/2018:04:04:23 +0000] "GET /index.css HTTP/1.1" 200 856
::1 - - [16/Jan/2018:04:04:23 +0000] "GET /bundle.js HTTP/1.1" 200 5778067
::1 - - [16/Jan/2018:04:04:24 +0000] "GET /margins/list HTTP/1.1" 200 20042
::1 - - [16/Jan/2018:04:04:59 +0000] "GET /images/marker.png HTTP/1.1" 200 1593
::1 - - [16/Jan/2018:04:05:08 +0000] "POST /margins/1 HTTP/1.1" 404 1392
::1 - - [16/Jan/2018:04:05:08 +0000] "GET /margins/list HTTP/1.1" 200 20042
::1 - - [16/Jan/2018:04:05:14 +0000] "GET / HTTP/1.1" 200 574
::1 - - [16/Jan/2018:04:05:14 +0000] "GET /index.css HTTP/1.1" 200 856
::1 - - [16/Jan/2018:04:05:14 +0000] "GET /bundle.js HTTP/1.1" 200 5778067
::1 - - [16/Jan/2018:04:05:14 +0000] "GET /margins/list HTTP/1.1" 200 20042
::1 - - [16/Jan/2018:04:05:21 +0000] "GET / HTTP/1.1" 200 574
::1 - - [16/Jan/2018:04:05:21 +0000] "GET /index.css HTTP/1.1" 200 856
::1 - - [16/Jan/2018:04:05:21 +0000] "GET /bundle.js HTTP/1.1" 200 5778067
::1 - - [16/Jan/2018:04:05:22 +0000] "GET /margins/list HTTP/1.1" 200 20042
::1 - - [16/Jan/2018:04:05:41 +0000] "GET /images/marker.png HTTP/1.1" 200 1593
::1 - - [16/Jan/2018:04:06:04 +0000] "POST /margins/1 HTTP/1.1" 404 1392
::1 - - [16/Jan/2018:04:06:04 +0000] "GET /margins/list HTTP/1.1" 200 20042
::1 - - [16/Jan/2018:04:11:50 +0000] "GET / HTTP/1.1" 200 574
::1 - - [16/Jan/2018:04:11:50 +0000] "GET /index.css HTTP/1.1" 200 856
::1 - - [16/Jan/2018:04:11:51 +0000] "GET /bundle.js HTTP/1.1" 200 5778403
::1 - - [16/Jan/2018:04:11:51 +0000] "GET /margins/list HTTP/1.1" 200 20042
::1 - - [16/Jan/2018:04:11:55 +0000] "GET /images/marker.png HTTP/1.1" 200 1593
::1 - - [16/Jan/2018:04:11:59 +0000] "POST /margins/1 HTTP/1.1" 404 1392
::1 - - [16/Jan/2018:04:11:59 +0000] "GET /margins/list HTTP/1.1" 200 20042
::1 - - [16/Jan/2018:04:12:03 +0000] "GET / HTTP/1.1" 200 574
::1 - - [16/Jan/2018:04:12:03 +0000] "GET /index.css HTTP/1.1" 200 856
::1 - - [16/Jan/2018:04:12:04 +0000] "GET /bundle.js HTTP/1.1" 200 5778403
::1 - - [16/Jan/2018:04:12:04 +0000] "GET /margins/list HTTP/1.1" 200 20042
::1 - - [16/Jan/2018:04:12:26 +0000] "GET / HTTP/1.1" 200 574
::1 - - [16/Jan/2018:04:12:26 +0000] "GET /index.css HTTP/1.1" 200 856
::1 - - [16/Jan/2018:04:12:26 +0000] "GET /bundle.js HTTP/1.1" 200 5778403
::1 - - [16/Jan/2018:04:12:27 +0000] "GET /margins/list HTTP/1.1" 200 20042
::1 - - [16/Jan/2018:04:12:29 +0000] "GET /images/marker.png HTTP/1.1" 200 1593
::1 - - [16/Jan/2018:04:12:42 +0000] "GET /index.css HTTP/1.1" 304 -
::1 - - [16/Jan/2018:04:13:30 +0000] "GET / HTTP/1.1" 304 -
::1 - - [16/Jan/2018:04:13:30 +0000] "GET /index.css HTTP/1.1" 304 -
::1 - - [16/Jan/2018:04:13:30 +0000] "GET /bundle.js HTTP/1.1" 304 -
::1 - - [16/Jan/2018:04:13:30 +0000] "GET /margins/list HTTP/1.1" 304 -
::1 - - [16/Jan/2018:04:13:31 +0000] "GET /favicon.ico HTTP/1.1" 404 1392
::1 - - [16/Jan/2018:04:13:33 +0000] "GET /index.css HTTP/1.1" 304 -
::1 - - [16/Jan/2018:04:14:06 +0000] "GET /images/marker.png HTTP/1.1" 200 1593
::1 - - [16/Jan/2018:04:14:27 +0000] "POST /margins/1 HTTP/1.1" 404 1392
::1 - - [16/Jan/2018:04:14:27 +0000] "GET /margins/list HTTP/1.1" 200 20042
::1 - - [16/Jan/2018:04:14:30 +0000] "GET / HTTP/1.1" 200 574
::1 - - [16/Jan/2018:04:14:30 +0000] "GET /index.css HTTP/1.1" 200 856
::1 - - [16/Jan/2018:04:14:30 +0000] "GET /bundle.js HTTP/1.1" 200 5778403
::1 - - [16/Jan/2018:04:14:30 +0000] "GET /margins/list HTTP/1.1" 200 20042
::1 - - [16/Jan/2018:04:14:32 +0000] "GET /images/marker.png HTTP/1.1" 200 1593
::1 - - [16/Jan/2018:04:15:47 +0000] "POST /margins/1 HTTP/1.1" 404 1392
::1 - - [16/Jan/2018:04:15:47 +0000] "GET /margins/list HTTP/1.1" 200 20042
::1 - - [16/Jan/2018:04:19:55 +0000] "GET / HTTP/1.1" 200 574
::1 - - [16/Jan/2018:04:19:55 +0000] "GET /index.css HTTP/1.1" 200 856
::1 - - [16/Jan/2018:04:19:55 +0000] "GET /bundle.js HTTP/1.1" 200 5778403
::1 - - [16/Jan/2018:04:19:55 +0000] "GET /margins/list HTTP/1.1" 200 20030
::1 - - [16/Jan/2018:04:19:59 +0000] "GET /images/marker.png HTTP/1.1" 200 1593
::1 - - [16/Jan/2018:04:20:09 +0000] "POST /margins/1 HTTP/1.1" 404 1392
::1 - - [16/Jan/2018:04:20:09 +0000] "GET /margins/list HTTP/1.1" 200 20030
::ffff:127.0.0.1 - - [16/Jan/2018:04:21:58 +0000] "GET / HTTP/1.1" 200 574
::ffff:127.0.0.1 - - [16/Jan/2018:04:21:58 +0000] "GET /index.css HTTP/1.1" 200 856
::ffff:127.0.0.1 - - [16/Jan/2018:04:21:58 +0000] "GET /bundle.js HTTP/1.1" 200 5778403
::ffff:127.0.0.1 - - [16/Jan/2018:04:21:58 +0000] "GET /margins/list HTTP/1.1" 200 20030
::ffff:127.0.0.1 - - [16/Jan/2018:04:21:59 +0000] "GET /favicon.ico HTTP/1.1" 404 1392
::ffff:127.0.0.1 - - [16/Jan/2018:04:22:02 +0000] "GET /images/marker.png HTTP/1.1" 200 1593
::ffff:127.0.0.1 - - [16/Jan/2018:04:22:04 +0000] "POST /margins/1 HTTP/1.1" 404 1392
::ffff:127.0.0.1 - - [16/Jan/2018:04:22:04 +0000] "GET /margins/list HTTP/1.1" 200 20030
::ffff:127.0.0.1 - - [16/Jan/2018:04:22:56 +0000] "POST /margins/1 HTTP/1.1" 404 1392
::ffff:127.0.0.1 - - [16/Jan/2018:04:23:49 +0000] "POST /margins/list/1 HTTP/1.1" 404 1392
::ffff:127.0.0.1 - - [16/Jan/2018:04:25:57 +0000] "GET / HTTP/1.1" 304 -
::ffff:127.0.0.1 - - [16/Jan/2018:04:25:57 +0000] "GET /index.css HTTP/1.1" 200 856
::ffff:127.0.0.1 - - [16/Jan/2018:04:25:58 +0000] "GET /bundle.js HTTP/1.1" 200 5778403
::ffff:127.0.0.1 - - [16/Jan/2018:04:25:58 +0000] "GET /margins/list HTTP/1.1" 200 20030
::ffff:127.0.0.1 - - [16/Jan/2018:04:26:00 +0000] "GET /images/marker.png HTTP/1.1" 200 1593
::ffff:127.0.0.1 - - [16/Jan/2018:04:26:07 +0000] "POST /margins/1 HTTP/1.1" 200 191
::ffff:127.0.0.1 - - [16/Jan/2018:04:26:07 +0000] "GET /margins/list HTTP/1.1" 200 20056
::ffff:127.0.0.1 - - [16/Jan/2018:04:26:11 +0000] "GET / HTTP/1.1" 304 -
::ffff:127.0.0.1 - - [16/Jan/2018:04:26:11 +0000] "GET /index.css HTTP/1.1" 200 856
::ffff:127.0.0.1 - - [16/Jan/2018:04:26:12 +0000] "GET /bundle.js HTTP/1.1" 200 5778403
::ffff:127.0.0.1 - - [16/Jan/2018:04:26:12 +0000] "GET /margins/list HTTP/1.1" 200 20056
